<?xml version="1.0" encoding="UTF-8"?>
<testsuite name="com.codesquad.signup4.Signup4ApplicationTests" tests="1" skipped="0" failures="0" errors="0" timestamp="2020-03-24T04:50:51" hostname="Jinui-MacBook-Pro.local" time="0.516">
  <properties/>
  <testcase name="contextLoads()" classname="com.codesquad.signup4.Signup4ApplicationTests" time="0.516"/>
  <system-out><![CDATA[13:50:44.830 [Test worker] DEBUG org.springframework.test.context.BootstrapUtils - Instantiating CacheAwareContextLoaderDelegate from class [org.springframework.test.context.cache.DefaultCacheAwareContextLoaderDelegate]
13:50:44.845 [Test worker] DEBUG org.springframework.test.context.BootstrapUtils - Instantiating BootstrapContext using constructor [public org.springframework.test.context.support.DefaultBootstrapContext(java.lang.Class,org.springframework.test.context.CacheAwareContextLoaderDelegate)]
13:50:44.888 [Test worker] DEBUG org.springframework.test.context.BootstrapUtils - Instantiating TestContextBootstrapper for test class [com.codesquad.signup4.Signup4ApplicationTests] from class [org.springframework.boot.test.context.SpringBootTestContextBootstrapper]
13:50:44.913 [Test worker] INFO org.springframework.boot.test.context.SpringBootTestContextBootstrapper - Neither @ContextConfiguration nor @ContextHierarchy found for test class [com.codesquad.signup4.Signup4ApplicationTests], using SpringBootContextLoader
13:50:44.918 [Test worker] DEBUG org.springframework.test.context.support.AbstractContextLoader - Did not detect default resource location for test class [com.codesquad.signup4.Signup4ApplicationTests]: class path resource [com/codesquad/signup4/Signup4ApplicationTests-context.xml] does not exist
13:50:44.920 [Test worker] DEBUG org.springframework.test.context.support.AbstractContextLoader - Did not detect default resource location for test class [com.codesquad.signup4.Signup4ApplicationTests]: class path resource [com/codesquad/signup4/Signup4ApplicationTestsContext.groovy] does not exist
13:50:44.921 [Test worker] INFO org.springframework.test.context.support.AbstractContextLoader - Could not detect default resource locations for test class [com.codesquad.signup4.Signup4ApplicationTests]: no resource found for suffixes {-context.xml, Context.groovy}.
13:50:44.922 [Test worker] INFO org.springframework.test.context.support.AnnotationConfigContextLoaderUtils - Could not detect default configuration classes for test class [com.codesquad.signup4.Signup4ApplicationTests]: Signup4ApplicationTests does not declare any static, non-private, non-final, nested classes annotated with @Configuration.
13:50:44.973 [Test worker] DEBUG org.springframework.test.context.support.ActiveProfilesUtils - Could not find an 'annotation declaring class' for annotation type [org.springframework.test.context.ActiveProfiles] and class [com.codesquad.signup4.Signup4ApplicationTests]
13:50:45.159 [Test worker] DEBUG org.springframework.context.annotation.ClassPathScanningCandidateComponentProvider - Identified candidate component class: file [/Users/jypsnewmac/Documents/GitHub/signup-4/BE-workspace/build/classes/java/main/com/codesquad/signup4/Signup4Application.class]
13:50:45.165 [Test worker] INFO org.springframework.boot.test.context.SpringBootTestContextBootstrapper - Found @SpringBootConfiguration com.codesquad.signup4.Signup4Application for test class com.codesquad.signup4.Signup4ApplicationTests
13:50:45.306 [Test worker] DEBUG org.springframework.boot.test.context.SpringBootTestContextBootstrapper - @TestExecutionListeners is not present for class [com.codesquad.signup4.Signup4ApplicationTests]: using defaults.
13:50:45.308 [Test worker] INFO org.springframework.boot.test.context.SpringBootTestContextBootstrapper - Loaded default TestExecutionListener class names from location [META-INF/spring.factories]: [org.springframework.boot.test.autoconfigure.restdocs.RestDocsTestExecutionListener, org.springframework.boot.test.autoconfigure.web.client.MockRestServiceServerResetTestExecutionListener, org.springframework.boot.test.autoconfigure.web.servlet.MockMvcPrintOnlyOnFailureTestExecutionListener, org.springframework.boot.test.autoconfigure.web.servlet.WebDriverTestExecutionListener, org.springframework.boot.test.mock.mockito.MockitoTestExecutionListener, org.springframework.boot.test.mock.mockito.ResetMocksTestExecutionListener, org.springframework.test.context.web.ServletTestExecutionListener, org.springframework.test.context.support.DirtiesContextBeforeModesTestExecutionListener, org.springframework.test.context.support.DependencyInjectionTestExecutionListener, org.springframework.test.context.support.DirtiesContextTestExecutionListener, org.springframework.test.context.transaction.TransactionalTestExecutionListener, org.springframework.test.context.jdbc.SqlScriptsTestExecutionListener, org.springframework.test.context.event.EventPublishingTestExecutionListener]
13:50:45.327 [Test worker] INFO org.springframework.boot.test.context.SpringBootTestContextBootstrapper - Using TestExecutionListeners: [org.springframework.test.context.web.ServletTestExecutionListener@4cbd893, org.springframework.test.context.support.DirtiesContextBeforeModesTestExecutionListener@6b3e0f98, org.springframework.boot.test.mock.mockito.MockitoTestExecutionListener@46d01897, org.springframework.boot.test.autoconfigure.SpringBootDependencyInjectionTestExecutionListener@4c807364, org.springframework.test.context.support.DirtiesContextTestExecutionListener@16553527, org.springframework.test.context.transaction.TransactionalTestExecutionListener@d8caaba, org.springframework.test.context.jdbc.SqlScriptsTestExecutionListener@4b5e1f3c, org.springframework.test.context.event.EventPublishingTestExecutionListener@40a4e60, org.springframework.boot.test.autoconfigure.restdocs.RestDocsTestExecutionListener@3bc9afcb, org.springframework.boot.test.autoconfigure.web.client.MockRestServiceServerResetTestExecutionListener@53781b72, org.springframework.boot.test.autoconfigure.web.servlet.MockMvcPrintOnlyOnFailureTestExecutionListener@68e459de, org.springframework.boot.test.autoconfigure.web.servlet.WebDriverTestExecutionListener@3e4b73ec, org.springframework.boot.test.mock.mockito.ResetMocksTestExecutionListener@480a3419]
13:50:45.333 [Test worker] DEBUG org.springframework.test.context.support.AbstractDirtiesContextTestExecutionListener - Before test class: context [DefaultTestContext@724cbcde testClass = Signup4ApplicationTests, testInstance = [null], testMethod = [null], testException = [null], mergedContextConfiguration = [WebMergedContextConfiguration@1919992a testClass = Signup4ApplicationTests, locations = '{}', classes = '{class com.codesquad.signup4.Signup4Application}', contextInitializerClasses = '[]', activeProfiles = '{}', propertySourceLocations = '{}', propertySourceProperties = '{org.springframework.boot.test.context.SpringBootTestContextBootstrapper=true}', contextCustomizers = set[org.springframework.boot.test.autoconfigure.properties.PropertyMappingContextCustomizer@0, org.springframework.boot.test.autoconfigure.web.servlet.WebDriverContextCustomizerFactory$Customizer@71fd7168, org.springframework.boot.test.context.filter.ExcludeFilterContextCustomizer@1da6979d, org.springframework.boot.test.json.DuplicateJsonObjectContextCustomizerFactory$DuplicateJsonObjectContextCustomizer@7efded9b, org.springframework.boot.test.mock.mockito.MockitoContextCustomizer@0, org.springframework.boot.test.web.client.TestRestTemplateContextCustomizer@66eb9f48], resourceBasePath = 'src/main/webapp', contextLoader = 'org.springframework.boot.test.context.SpringBootContextLoader', parent = [null]], attributes = map['org.springframework.test.context.web.ServletTestExecutionListener.activateListener' -> true]], class annotated with @DirtiesContext [false] with mode [null].
13:50:45.375 [Test worker] DEBUG org.springframework.test.context.support.TestPropertySourceUtils - Adding inlined properties to environment: {spring.jmx.enabled=false, org.springframework.boot.test.context.SpringBootTestContextBootstrapper=true, server.port=-1}

  .   ____          _            __ _ _
 /\\ / ___'_ __ _ _(_)_ __  __ _ \ \ \ \
( ( )\___ | '_ | '_| | '_ \/ _` | \ \ \ \
 \\/  ___)| |_)| | | | | || (_| |  ) ) ) )
  '  |____| .__|_| |_|_| |_\__, | / / / /
 =========|_|==============|___/=/_/_/_/
 :: Spring Boot ::        (v2.2.5.RELEASE)

2020-03-24 13:50:45.883  INFO 8916 --- [    Test worker] c.c.signup4.Signup4ApplicationTests      : Starting Signup4ApplicationTests on Jinui-MacBook-Pro.local with PID 8916 (started by jypsnewmac in /Users/jypsnewmac/Documents/GitHub/signup-4/BE-workspace)
2020-03-24 13:50:45.887  INFO 8916 --- [    Test worker] c.c.signup4.Signup4ApplicationTests      : No active profile set, falling back to default profiles: default
2020-03-24 13:50:47.315  INFO 8916 --- [    Test worker] .s.d.r.c.RepositoryConfigurationDelegate : Bootstrapping Spring Data JDBC repositories in DEFAULT mode.
2020-03-24 13:50:47.456  INFO 8916 --- [    Test worker] .s.d.r.c.RepositoryConfigurationDelegate : Finished Spring Data repository scanning in 131ms. Found 1 JDBC repository interfaces.
2020-03-24 13:50:49.256  INFO 8916 --- [    Test worker] com.zaxxer.hikari.HikariDataSource       : HikariPool-1 - Starting...
2020-03-24 13:50:49.797  INFO 8916 --- [    Test worker] com.zaxxer.hikari.HikariDataSource       : HikariPool-1 - Start completed.
2020-03-24 13:50:50.596  INFO 8916 --- [    Test worker] o.s.s.concurrent.ThreadPoolTaskExecutor  : Initializing ExecutorService 'applicationTaskExecutor'
2020-03-24 13:50:51.315  INFO 8916 --- [    Test worker] c.c.signup4.Signup4ApplicationTests      : Started Signup4ApplicationTests in 5.93 seconds (JVM running for 7.801)
]]></system-out>
  <system-err><![CDATA[]]></system-err>
</testsuite>
